Charles Story 
2272488 
CPSC 350 Assignment 1 
 

Sum: 90
Mean: 12.8571
Variance: 5.40952
Standard Deviation: 2.32584
Probability of A: 25% C: 18.4211%  T: 31.5789% G: 34.2105%
 Probability of AA: 5.26316% AC: 3.94737% AT: 9.21053% AG: 6.57895%

 Probability of CA: 3.94737% CC: 1.31579% CT: 1.31579% CG: 9.21053%

 Probability of TA: 1.31579% TC: 7.89474% TT: 5.26316% TG: 13.1579%

 Probability of GA: 7.89474% GC: 5.26316% GT: 13.1579% GG: 5.26316%
 
GAGCGGTATCGT
TCCCTCATTCGC
TATCCAATTTGT
ACCTAAGCGAAT
ACGGTTTTGGAA
GCCATCATAGGT
ATCTCTGAGGGG
ATTGCTGTCACG
GCGTCGTAGAAG
TTAGGCTGTACC
CAGTGTACTTGT
GTAGAACTCCAA
TTAACTGAATTT
ATGGTCCTGACT
AAGTCGCTTCCT
CCTATATGCCCG
ACCACCGACTAC
ACAACGTAAGAC
TGGGTATGACTG
TGCTGATATAAC
GCTTCAAAAATC
GAACTCATAAGT
ACTAACTGGTTT
TCGCCGTTGGGG
TTATGGCTGCGG
GCCATTGAGATT
TACACGAAATAT
AGAACACTACCT
GTAAATGGCGGT
TTAGAGCCGAGG
AGAGACCTGAGT
TGTTTCGGGAAT
AATTCTTAAAGA
CTCGTATGCATT
ACCTGTTTTCAT
GGTGACTGTGGA
TGTGTCCTAATA
CCTTTAGGGCCA
CAAGTCTTCCCG
ACACTTGCCCGA
CTTGTGGGCTCG
GCCTCCTCTAAT
GAGAGTGCGCAT
ATATAGATCGAT
GCTGTTTGCGTC
AGATAGAGATGT
TCACGGCTTGTA
ATTCATAATGTT
TCGGAGTATCAT
ACAGTCTGGTTG
ACTTAGTTCTGG
GGTAATTGTTCA
CCTCGAGAAACC
GACGAATTAGGG
CAGGATTTGACT
CTAATTTAACGT
TAGTGAAGAGAC
GTCGGTCTAAGG
TTGAACGATCCG
TCTCAGAAACTT
GTCATTCGGTAT
ATTAGAGCTATC
TGGGTTCTTAAC
CGGATGTCCCGT
GCTTTCTATATA
GCCATCGGCGTT
TGCTAATATCAT
TTTGTAAATCAT
CAGAGACGGGGA
TTGTAAAAACAG
ATGACGCTTAGC
CAGTTGGTTCAT
GGGAACGGGAGA
AAGTGCCGAATA
GGTGGGTGAGCG
ATTTGAGGGCGG
AGAAGACCAGCT
ACCCGAATGAAT
CTAAGTTGCCTT
TTACCGGAGGGG
GTCGGGTTTACC
TGGGGATCTCAG
GGTTTTAAGGAC
GAGCCCATGTTT
TTCATTTGGATT
AATTGTGTCCTC
TGGTGCTTTATA
TGTAAACTTGCT
ATGCACTCTTTT
TATACGGCTCTA
GGGACTTCTGGA
CGTTTGTTTCAG
TTGCTGTGATAT
TTCATAGTTCTG
GACCATGTTATA
GCATCATAAAGG
GTTTTACGGACT
CTGGGTACCTGT
TAAGCAAGCGGC
AACTGCAAAGAG
CTATCTGCGGAG
TGTCTATCCTGG
GTGTCTCCGATA
GGACCGAGTCAC
TTACTTATATAA
CGCAACGTTTGA
CTGAATAATCAA
GAAACGTCGTAT
GGGTGGTCTGCA
AGATAAGTGTAC
CGAACAATTATT
GATGTTAGTTCA
CTGGCTGATGAC
AGGTGTACCCCT
GGCAACCTATTG
CAGCATCCTATT
TTTCAGATACAC
TTGCTGATATTG
CGGGTCGGACCT
GCGAGAGAGCCT
CATATATTTCCA
TGAAGGTAGCTA
CTCCGACGATGC
CCGGAGGGATTG
GAAGCTGATGTT
GTTTAGATGATG
CACTAGTTTACA
AGCGTCATGAGG
AGACTAGCAAGT
TGCCGACTTATA
GCCGTACATGCT
AAGATGTCACAT
GGCTATTAGCCC
AACTGAGGAGTT
ATCCGTAGTGGA
CGACCATCTGTT
AAAGCCGTGCCG
GGATGTTACTTT
ATTGAGGGCATT
TATGCAAGTCGC
GAATTAGCGTTG
ATTCCGTCTCAG
GTCTCACTCTCT
ACTTTATAGGCA
CGACGCTTCGAT
ATGATAGGACTT
ATTGGTTGATAG
TTTGACGTCGAA
TTTTCTGCTACT
ATGAGTTGGTAA
AAACTAAATTAG
ATCGTCATCTTA
AATACGACTTCA
TCTCCTTTAAAT
GTGCCCGAATTC
TTAATGTCCCAT
GGGCTCACATAG
GAGCCTAGTGCC
GTAATCCGCACG
AGGATATGAGAT
CAGTGGCCTTAT
GTTTCGTGGCGA
CGAAGGATCAAG
TGATTCAGCTTA
CAATATGATTAG
GCTAATAATGTG
TGTTCCCCAGGA
TCTTGGATGTCC
GCTATAGCCAGT
TCAACTACGTTG
CTGTCCTGAGAG
TGTAATCATGAG
CAGATGTCTTGT
CACTGCGAGTTG
GGTCGGTACAGC
GCTTGCTTCGTG
TTTCTAGATCCC
TTGATCTATGTA
ATTGCCAGCTCT
TATCGAATATCC
GCCAATATACGT
TAGCTGGGGTTC
AGACGCAGTTTA
ATCAGCCATAGT
AGTTGCGATCGT
TTGGATTTTAGA
GTTCGTATTATG
GCTTTGTACTCC
TTATTCTTACCT
CGTCTACTGTGA
TTAGTATTGAAG
TTACCTGTGTTT
AGGAATCATATA
GCATTGATTAAA
ACCAGGATAATC
ACATGTATTAGT
GGCTTGATATAT
GTATCAGCTTGC
CGTCGCGAGTCC
TTTATAGGGTTA
TGCATAGCTTTC
CCAATTATTTGA
AATGTATAGATA
GACCAGATGGGG
CGTTGGAAGGAA
CCGCCAGTAACC
TAGGGACGTGCT
AAAAGGGCATCC
ACTCATAATTTA
GAGGGTTTGTTC
CAGTATCCTCGT
GTCGAAGTACTT
TTAATCCTGTGA
GGTCGGTTCGTA
GAGTTTTAAATG
AAGGCCAAATAT
CTCATTTGATAT
TTCAGATTTCTT
TTCCTCGGATTA
TGAGTAATCACT
TGCGAGCCGATC
TGAATTCGAGGC
GCTTCGTAGAGT
GGCGAGACCTTT
TGTCATTAATCT
TCACTTCATTGT
ACCCTGATATTC
ATAGACCTGATG
TGGATCAATTTT
GTGATCTCGAAA
GAGTAATGAATA
CCCTTGACAAAA
GATGATTACTCT
TCGATACGAACT
TATTTTCTTTCT
GTAATCATGTTT
ACTCTCGTCAGA
CATGTTGTGAAC
GGGATAGATTTT
GGACTAGGACTC
CATCATATTTTT
GTGCTGTATGCC
CTTCACTGGATT
CAATTGTTGGTT
GATTCTCTAGGT
GATTGGGGGGGA
TCAACTTTCCTT
TGTCCAATTAGG
ATTCTATTCCTA
TCGGACGCTTCT
GGAGGGGTTATT
TTAGGCTTCGGT
ACCTATGTTATG
TGAACTTGAACG
AGGCGACTTCAT
GTAGAAGTTGTG
CTCGCTCTACTT
TCAATTCTTACG
TGCCTGGTAATA
TTATGTCGGGTT
TCTCCGATCAGA
AAAGCCGCGAAA
AGTTGAAGCGGA
CATTAAATCGAA
TTTCAAACGTGC
TTCTAACGGTGT
TTTTCCAGTCTG
GGTGTATTGACC
TTAATATCATTC
GAGAAAGGGAGG
ATTTATGCTTCT
ACCCAGGTTATT
AATTAATCAAGG
GCCTGTGATGTA
CGTGAGATAGCG
CGATTTTAGAAC
TATATTTGCCGG
GGTCATATTCTG
CAGCGGTCTTGG
ATTATAACGATT
GGCGTGTGTCGT
GATAATTTATTG
TAAGCCTATTGA
TATTGTGTACTC
TACGTCAGTGCA
AGTGGATGACTA
CCTGAAACAAGT
TAGAGATTTCTT
ATCCTTGCTGCT
GAAGATGTTATC
TGTAATAAAAGT
TCATCGCGGAAT
TTATTACTAGCT
TTCAATGGATTA
GTCGAAGAAGAA
TTGAGCGCCTTT
CAGGAGGGGGCG
TATTTAGCTGTT
AATGTGTACCGC
CTGCGAGTGGAT
ATCCCTTGTCGT
TGTGAAGTAGCA
GAACTTGGCAAA
TGGGTCTCAGGT
GTTTTTCGCCAA
ATCGCTATATCC
GCTAAGATTCCT
TTAGTCCCCTAT
GCATGGTCCGAG
TCTCACTTTTAT
CCGTAAGTAGAC
TTACTCACACAG
CGTGGTACCAAT
GGACCACGCTAG
GGACCGAATATT
ATTTGTTAAATG
GGCACAATAGGG
TAGACAACTTTT
AATGATCGTTAA
TTGCCATTCATA
AGAGTTACTATC
GGAGTGATCGTC
ATGAGTTTGGAT
GACATGCTTAAT
TAGGTGTCTTCG
GTGCGGGGTTCC
TATGGTACAGTG
CCATTGCAAGCG
GGACTAATCTTA
TTTGGAACACTT
GTCGTTACAACT
ATTTTAATTTGT
AAGCGATATGTC
ATATCTGTTTGC
TTCGAACGGTGT
CCCAGGGTAAAT
ATTGAGGGTATA
GTAGGGAATGTA
GTATAGTCCATT
GTGCAGTAAACG
AGTCGACTTAGG
GCGCGACGAAGA
TCGTAGATTTGT
TTGCTTGTTAGT
AATTGGGCTATT
ATAAAAGTCTTA
GGTTTAATGACT
GTTTTAAATTCC
ATGCCACATTAA
ACAGGCATTAGT
GATTGCATATGC
GGAGGCGAAGTA
GACAGATTTTTA
AGTATTGGGTTG
CCCTGTGTTCCC
GGTTAATCGAGC
CGAAAATCTGCG
CCACATCAGTAA
ATCACGGACTGT
TCGGTATTGGCA
CTACGTGACGTA
GTGAAGAATTGG
ATGAACGTTTCC
AGAATTCTGAAC
TGTATATTCTCT
GATGTTTGCTGA
GTAGTGATTGCT
GGGGTACGGGTA
GGGCTCGATGGT
AAAGCTAGTGTT
TTTTGTTGAAAA
GTATGAAATGTC
CTACTCGCTGTT
GATATAATCTCC
AGTTGATTCTGT
ATTCCGGCTGGA
GATAAAGAACCT
AGAGAGTGAGTT
GTCGAGTCAAGG
CGTAGGTGCCTA
ATTCTACAACAA
ACAGTGTGCAAA
TCGTTAACGTAA
TAGGTTTAGTTC
GAGAGTGGGGGG
TACATTTGATTA
ATCTTGCTTAAG
TAGGTTGTCTAG
TGGGGAGTTTGA
ACAATGATTCAA
TAAGCACGGTCG
TACGCGTTACCA
TCACCCGGTAGT
ATATCTGTAGAT
TTTACGAAGCAA
AGATTCGCGTGC
ACAGAAAAAGGA
CTGAGGCTCGAG
ATAAGTTTAACT
TTCCTCAAGGAA
CGTTGTTGTGTT
CTGGTGTTCTTA
GTTTTGGTCACA
TTAAGTTGTATA
GGTCTAGCTTTT
GGCCGAGTATAA
TCGTCATCATCA
TTCCGCCGCTTC
CTCTATTTGAGA
AAAAGGATTACT
TTGCGTTGTTCT
GTGCTGAGAATG
ACGCGTGGGGAT
GCCATCTAAATC
GTTTACGGATAG
GTCTGTCTGCCA
TGCACCCGCACA
GAGGCTCTATCG
ATATTCTATCGG
TCGGCTGCACGA
GAGCCAGTTCTA
TTTTGTTTCAGC
TCATTGGGTTGA
GTAGGTGAGAGT
AATTAAGTCAGT
TATTGGTATCAA
TCACATAATCCC
TATGTTGTTCCA
GCGTGGAGTGCT
GGTTCGCCTGAT
GACAGAAGAGGC
ACCTAAATATAG
GGATGGACCACG
TAAGTTCTGTTT
AGAAAGTAGAAA
GAAGGCTTGGCC
TATTCCTCTGAC
CTCAAGGATGTC
TATTACTATTAC
GGGACGCTGCCG
ATTCTAGCACTG
AATGAGCTCTGG
CGGGTGGCTCGT
GTCATGTTCCAT
TGCATTCCTGTA
TTTTCCACCGAC
AATTGTTTACTT
TATTCCATCAAA
TTATTTCGGAGG
TACCATCTAGGT
TAGAAATCAGGC
CAAAATTCCCAC
ATTAACAGCACA
TATGGCGGGTTT
CGTACGTGATTA
TGATAGTCTAGT
GTGCCCAACCCA
GCAGAGATTGTC
GCTCCGTCTCTG
ACTTCGCAATTT
GTGAATGCTGAT
GAGTTAAGATGT
ACATCTTTGCTT
CCGTGAAGCTGC
TTTTTATTGCTA
TCGGAGTTGCAT
GTATCGTGTTAT
GTTGGCTGGGGT
GCATATGTCGCA
CCACAAAGCACT
ACTCATGTATTC
ATGGGTAAACTT
GATACTGCGATT
GTGGTTTGAAAC
CCTAAATTCGGA
CCTTCTATGTAT
ATTGCGAGCCCA
TAGCGAAGGATG
GATAAAATGGGG
GTATGTCGTTGT
GGGCAGCCTCTT
TTTGGTATGCAG
GGAGTGGTGGTG
TCGACATCCCAA
TCTGAAATGCCT
CCTATATTACTC
AGTTGCAGGCGT
CAAGTTAGCGTG
TAATTGTTCATG
TTGGTATTACTC
GTTGGCCGTTGT
GCGGAAGTTAAG
AGTAAGGTGTGC
TAAGAAGAGGAA
TCAAGCATTACC
AAGTTGGGTCTT
GTCCGGCCCTAA
TTTCTGTAGAAG
TTGGGCACTTGG
CTTACTGTCCGC
ATTTCCTTGTTT
CTTCTTAAAGTA
ATTATACGATGT
TTATACGATTCC
TTGAATGCTACA
CGTAGTTTACTT
TGTCCATCCGTC
TTGTTAGCTGCC
CGCGCGTTCCGC
GGTAGTTGAGTA
AAACGTTCGTCG
ATCTCTTATCGT
TAGAATCGACAG
CCGCCTATAGGG
TAAAGTATCGTT
GCGGCTTTCAAG
GTCTTTGAGTAC
CGGTTGTACCAT
TTCGCATTGCTG
ATATAGGCTATG
AATAATTTTTCG
ACATGTTCCACC
GTCAGGTTTATT
ATTTCCATTCAA
AACGAGCAGAGG
GGGGGCTTAGGA
CATTGATCAAAC
CAGGAATTTTTA
TATATTACAGGG
TAAATCGTTCCT
AAGGACGAGTCT
ATCATGCTATGT
TGAGGTAAAGGT
GGGGGTCCAAGC
AAGAGCGGTGTT
ACTAGGCTAACG
AACACAGTGTTA
GGGTTATTTAAG
TCTTGCTATTTC
ATCAATCTTCAC
TAGTGCTCTTGA
GAAGTGCAATAG
TATAGAAGCATA
GTTAAGCTATTA
GCAATGTCGAAG
AATATTCTACCG
CGTGGTGATTGC
TCAATACAGACT
ATGGACTATTGC
CTAAAAGATACT
GGTTCGTAAGAT
AGTGTTTTAGTA
TGGGGGGAATGT
GGATTTACTGAA
TCTTGTCACGTT
GTCGTAGAAGTA
TGTTTTGGTGGC
AGAGGGTTGATA
TAAAATTAGATT
CAGCCGGTTTCT
CTTGATGGTCAC
GACCTTGGAACT
ATAAACTGGGCA
TACCTGAGGTCT
TTGGGTGTCGTG
GGTCGTGCGCAG
CAAGAAGGGGAA
TAGCTAGCACGG
ATTCTGTCTGTG
GTAAGGTAGTGA
GGGCATTGGCAA
AGGTCTGAAAGT
AGTTTTAATGGA
ATATGGTCATTT
TTAGAAGGATGC
AGGACGGTAATT
CCGTCAGATACC
GATGCTGGAGTG
TTTCACGTACTA
CTTTATGGAATT
ACGATTTACAAT
GTTTGATCAGCA
CTTTGTTATCTA
ACGCAGCTTCAG
CTTGCGAATCTA
GAACACTATGAC
GGGTCTTAACTA
AGATTCTAAAGA
TGTTTAATATAG
ACTGTCTGTCCG
TCGATGAACTCA
TCACCTAAACAT
TAAGTGGTCGGC
CTCTATTCTCTC
ACTATAATTCCT
ACAGGACAGACT
CTGCGAGGCGTA
ATAAGATTGCAT
TTCGATGTCATT
ACTTCGGGTGTA
CCGCTTGGTCAT
TTTCGCGTAGAG
GTGAGTAACTTT
CTGGCTTCAGAC
TAGTTATCAGGG
ATAGTAGGAGGG
GGACACTGGTTC
ATATATTTAAAC
CGGGCATAACAT
ATTAGTGTATAT
CCCATCCAGAAA
ACTTTGCGACGG
GCGGAAAGCTGC
CGAAGGGTATGG
GCCGATGAATTT
CTTCTAAAGCGA
TAGTTTAATCGT
ACGTTGTGTTTG
TGTTAATTCTGT
TTTTGAGCTAAG
AACTTGTCTGGC
TATTAGGGTAAA
AAAACTACGATG
GTCTTTCGTGAC
GGCCGAATATGC
TTTGTCTGGAAA
ACCCGTGAATAT
TAATCCTGGCTG
ACCTGCATGTGA
AACGTCGGGAAC
GTACGATTGAAT
TGAGTTAGTACC
CATGTTAACTTG
CACCCAGCGTGG
AACTTATTCCCT
TTGGGGTAATTG
TGGGTTAAAAGT
AAAAGTGCGAAA
GCCCGCTGCTAC
ACTGGTTAATCA
TTTCTATATCCC
TTAAACTGCTTA
CAGAAAATCAAT
CAAGAAGGTTTT
GTCTACTGTCGT
ATGTTATATTTG
GCATGTGCTGTT
CGACCATAATAT
ATACATTGAGGC
ACTTGAGTTATT
TATTAGGTAACT
GATCGGTTTGAT
TTTGTATTGGGC
ATAAGCGAGGAG
AGCGAGGTTTCT
GGTTTTAGTTTA
TGATCTGCTTCC
AATTGATAATCC
TGTATCATGGGA
TCTTGCGTAAAC
CTTGCCGGCTAC
CTGAACTAATCT
GTCAGAGTTGTG
CGGTTTACTTCC
CATTTCGAAATG
CTAGTCCGCAAT
ATTCGGTTTTGT
GGCGAACCCATC
CAGTTTGCCTTT
GCAGGATCGTGA
AAGTATCACATT
CAGTTTAAACGT
TACGTAAGGTGT
GGTATGTGGTGA
TGACGAGTTTTC
GCTAGATTTTTA
TGGGGGATAAGT
TCCCAACCGTTT
AGCGTTGTACTA
TTTCCTGTTATT
TGGTGAGAGTGC
GAGGAGTTTTAC
CTGCTCGGTCGT
CTAAGTAGACCA
CTCCCGTCCATT
AACTCTTATGCG
GGGGCAAACAAT
GTTGCAACAATA
GCCGTATTGTAG
AACCTCTTTACG
GTGTACTAACGG
TAGAAGCATGAC
ATTCCGGAATGG
TGGTCCAGCTTT
GGCGTCATTACA
AACGCTTGTAAA
GGTCTTCTTATG
TCGTTAGACTTC
CTGGCGTAATAG
CCAGTAATCACT
CATCCTTTCGAG
GAATTTATAGGA
GATGTTCACTGT
AACAGGCCGGTA
TTTTTCACAGTG
AACTTAAATAGT
GATCAATGTAGT
GATTTCCGCTCC
CGGAGTCGGGAT
GTGAAGGTTTCT
CAGAAAGTTGAT
ATTAGACACCCA
AGGAGTGAGTCA
CCAAACTGCTTT
GAGGCGAATAGT
CTGAGTTAGGTT
GGTTTCTGGGGA
GGGTTTGTATGT
AATTGGCCTTAT
CATAAAGGATAA
AGTGAATTATCT
TCCTCGCTATGA
TTTAGTAAACTA
TTGAACCAAAGT
AGAACTGGCCAA
TGTGCCGCCGAT
TGCTATCATTGG
TGCGCATGGTAA
TAAGCAAGGCTG
TTTATTCATCTA
CATCCGGGTTGG
TGGATAGAAAGT
GTCTAGGCTAAG
TTCGCAGTCATA
GAGGATATGAAG
TTGAGTTCCTAA
GTAGTTCACATA
CATCATCGCGCA
CGACACACCAAA
TTTCGACTGGAT
TGTTTCGTACTC
TTAAACTTGGTC
TGTTGTAGAATA
TGGAACAGCACT
TTGATCGCCCGT
TTTAGACCGTAA
TACGCATCGGTT
TGGAGACCGGTA
TCGTAGATACTG
ATAAGATTAGAG
TTGGTGTTCTAC
CTAGTATTATTG
ATTCATTTAAAA
GTGGATAAAGTA
TGGTCTTTGACG
CTAAACCTTTTA
AAAGTGAATTAT
TATCGCTAGGCA
TACTGGGTAAAA
CAATCGAGATAG
GGACCGGTGAAC
TGGATAAGTGGA
TACTATTTAAAT
GTGGCTCGTGGT
CAATGAAATTTT
ATTTGTACATTC
CAGTCTATCCGG
AGGTCAGGGTTC
TTTATGTAGCAG
TGAAGGGGTCTT
TTTATGGCATAG
GGTGTACCACGT
AGCCTGGCGACT
CCTACGGCAAGC
TAGCGAGATATA
TTTAACCCAGCA
AGGGTTCAATTA
CGTGTAAAATAG
CTATGAATAAAG
AGATGCAATTAC
TAGCATTGTGAT
CATCCCCTAATA
GCGTTGCGCCCC
GACCCGCTATTT
GTTTTTTAGCCT
TTTGGCGCGGGC
TTTGAAAAGTAA
CATGGATTTTTA
GCTGACTCTCCG
ACCGTTTCTAAT
ATTCATTTGATT
AAGTGGAAATCA
TGTTTTATGATT
TCAAAATTGACG
CGCATTATAAAT
CGGAGCATAGGA
CGGATGTGGGGG
AGCATTAACGGC
CTGTCAAGAATT
TACCTTATATAG
TAAGAGTGTAGT
CAGATTTATTTT
AAACAAGTGGAG
CCACTGCCGACA
TTCGTCCCATAA
AAGGGTAGACTT
CACGCCAACGGG
GCAGCGAAGTGC
CTAGAAATATGA
CCATCTTCCAGA
AACTCGGATTAT
TATCACGTGTAT
AACGGAATTTAA
CTAGAGGCTTCG
TAGGTTTCGGCC
TAGCATGCATGA
TCAAGCTCTAAG
TATATGTATGGT
TTTTAGACACAA
AAGCCTATGTTG
AGAGCGAGATGG
ATACCAGTGGGA
AATCAGCGACGT
TCGCTTCTTGGA
TTGTATGTCAGA
TAAATCTGTAAA
TGTGGGATAGGT
ATACAATACGAC
CGTGTCCAATTT
CTGGTTTGTATC
CTCATTAGATCT
ATAGATTGCCGT
TGGCAATATGAG
ACCATTATCCTA
TTTGTTAAGGGT
GTTAACAAATTG
TCGTTCTTTAAG
ACTTTCATGGCT
CGAAGCGTTGAG
TATAGGTGTACC
TATAATTGATGA
TTAAACTTGACG
TGAAAATTCATG
CTTTGATCATTA
TTTAGGGGGTAG
CCAACTGTGAAT
AAAGTAAATTTG
TAGGTACTCTTA
TACTCGCGAGTA
GTTAGCACCGGT
TAACTTAGCCAA
TTTGGATGGAAT
TTTCAGGAAATA
AGATTCACCGGC
GAGCGCCCGGCG
GCACGATAGCAC
ATTTCTCGAAAA
TTAGTCGTTTAT
TAAACGCTTTTC
AGAATCGGGGGG
CCATGTTGGGTT
GCGGGCATGCAA
TATGGACGACCG
AGACCTTGATTT
CGATTCGGGCGG
AATTATAAACAC
TTAATCGGAGAC
TAATGTATACAA
GATGGTGTGTTT
ACATGAAGGCTA
CTGCCTTCAATA
TAAGTTTTTACG
CTGACAGTATTT
TATTGTCGTCTA
TTGGGTGAGCTT
TTGATTGGTGAG
TTGATTGTGATT
GTACCCGGCTTT
ACTCTTGATTGT
TTCCCGTGGTAA
GTTCCGGAGAGT
AACCTTGGTATA
TAGGGAGCAGAA
TTAGTTACTCTG
CTAACGACAAAC
GTCATTATGTTA
TACGAAATCATA
TGTATGACTCGG
CTAAGCATTTGT
CAATTTGCGGCT
TGCGAAATCCCA
ACCTTAAGGGGT
CACCAACCATAG
TGGGTATGACCT
TAAGGCGGTAGT
GAGGCTCGTCAT
TCCTTCGGTTAC
GAGAGTTGCACT
CTAGCGCGACAA
TAAAATAAGCAC
GTACAGATATGT
CGGTAAGCGCAT
ATCTGAGGTCGC
GCGGGCGCACGA
TACGGGTTTTTT
CCAGAGTAAGCA
CACATGTTTTGG
TGAAATATTAGT
ACGACATAGACA
TGATTATAGTGT
AGATAAGGCTGC
TATCGGGCCAGG
AGTTCCAACGCA
GAGGCCTGTTGT
TGTCCCGGCCAA
CGCTGAACCATA
GCACGCTATGGT
GGTTATGTCTTA
CAGAGTCTCGTG
AAGCTTGGACCA
CGAATTTCTTTC
GGGGTGTTAGTG
TCGTATCATTAT
GGGCCCAGAATT
AGTTTGAGGCAT
ACTTTGTGTTTT
GGATCGTGAAAG
TATTATAATACA
AGCAGACCCTGT
GAAGTACCGGCG
TGTGACGTCGCA
GTTTGGCATATC
AGATGAAGGTGG
GAGTGATATTGG
ATGTGTCTCAAT
AATGACCTACGA
ACGTGTACCTTA
AGTGTCTTGAAA
ATGTCTCCTACA
TATTGGCCCTGG
GTTTATCGTTTA
GGGTGTTACTAT
TAACTTCGGCAA
ATGACAGAGAAC
GTGCTAGAGTTC
GCCTTAAATATT
TCTTGCCGACTA
GACGTCTACTTG
TTATAAAGAAAG
TCCACAGGAATA
AAGCGGGATTTC
TAGCGCAGTTTT
ACCCGGATTGTG
GCAGGATACTCT
TTTATTTGGGTT
AAACATACGGAA
ACGGGATACTTA
CATGTGTAATTT
TCAGAGAAAAGT
GATAGCGTAGTA
ATTCAGGCTCAG
AGTGTGTCGGAA
TTGGTATGTATC
TGACCTTACAAG
AAGGGATTTTAT
CTGTTTTTGTGG
TTAATTTCTTAA
TGTTATCGCCAT
CTCCGGACGGTA
GATAAACTTACG
CACTACTCCAAA
CTAAGTCGAGAA
ACCAGATCTGTT
TACATTTATGCA
GAGTTCCACTCA
CGAGGTGTAGAG
TGTTAGTATATA
AGCCATTTTACA
TTACTACTTCTT
TGTCTGTTTGGG
AGGGATCACCTC
ATATGCGAATCT
GGTAATGAAACA
TGGAAAGCATTG
ACGACGCATAAA
ATCATTGCTGGA
GTTGCAACCTAT
GAACTCAGGCAG
TTCAAACTTCGC
CTAATCATGCGT
GATAGAATTGCC
AACATATCCTTG
TCTTTGAATATT
ATTAAGCGTAGA
GCGCTGCTCTAT
ATTTTTGTACCA
GAGCTGGCTCTG
CTCTGCTGTGTA
TTCTCTTGTATG
ATGCTAAGTAAC
